<?xml version="1.0" encoding="UTF-8"?>
<testsuite xmlns:xsi="http://www.w3.org/2001/XMLSchema-instance" xsi:noNamespaceSchemaLocation="https://maven.apache.org/surefire/maven-surefire-plugin/xsd/surefire-test-report-3.0.xsd" version="3.0" name="org.opennms.timeseries.impl.parquet.CompactorTest" time="0.111" tests="5" errors="0" skipped="0" failures="0">
  <properties>
[...]
</properties>
  <testcase name="purgeDropsRowsOfDeletedMetricsButKeepsLiveOnes" classname="org.opennms.timeseries.impl.parquet.CompactorTest" time="0.044">
    <system-out><![CDATA[01:04:53.614 [main] INFO  org.apache.parquet.hadoop.InternalParquetRecordReader - RecordReader initialized will read a total of 1 records.
01:04:53.615 [main] INFO  org.apache.parquet.hadoop.InternalParquetRecordReader - at row 0. reading next block
01:04:53.615 [main] INFO  org.apache.parquet.hadoop.InternalParquetRecordReader - block read in memory in 0 ms. row count = 1
01:04:53.618 [main] INFO  org.apache.parquet.hadoop.InternalParquetRecordReader - RecordReader initialized will read a total of 1 records.
01:04:53.618 [main] INFO  org.apache.parquet.hadoop.InternalParquetRecordReader - at row 0. reading next block
01:04:53.619 [main] INFO  org.apache.parquet.hadoop.InternalParquetRecordReader - block read in memory in 1 ms. row count = 1
01:04:53.624 [main] INFO  org.apache.parquet.hadoop.InternalParquetRecordReader - RecordReader initialized will read a total of 1 records.
01:04:53.624 [main] INFO  org.apache.parquet.hadoop.InternalParquetRecordReader - at row 0. reading next block
01:04:53.624 [main] INFO  org.apache.parquet.hadoop.InternalParquetRecordReader - block read in memory in 0 ms. row count = 1
]]></system-out>
  </testcase>
  <testcase name="concurrentlyWrittenFileIsNotLostByCompaction" classname="org.opennms.timeseries.impl.parquet.CompactorTest" time="0.025">
    <system-out><![CDATA[01:04:53.639 [main] INFO  org.apache.parquet.hadoop.InternalParquetRecordReader - RecordReader initialized will read a total of 1 records.
01:04:53.640 [main] INFO  org.apache.parquet.hadoop.InternalParquetRecordReader - at row 0. reading next block
01:04:53.640 [main] INFO  org.apache.parquet.hadoop.InternalParquetRecordReader - block read in memory in 0 ms. row count = 1
01:04:53.642 [main] INFO  org.apache.parquet.hadoop.InternalParquetRecordReader - RecordReader initialized will read a total of 1 records.
01:04:53.642 [main] INFO  org.apache.parquet.hadoop.InternalParquetRecordReader - at row 0. reading next block
01:04:53.642 [main] INFO  org.apache.parquet.hadoop.InternalParquetRecordReader - block read in memory in 0 ms. row count = 1
01:04:53.643 [main] INFO  org.apache.parquet.hadoop.InternalParquetRecordReader - RecordReader initialized will read a total of 1 records.
01:04:53.644 [main] INFO  org.apache.parquet.hadoop.InternalParquetRecordReader - at row 0. reading next block
01:04:53.644 [main] INFO  org.apache.parquet.hadoop.InternalParquetRecordReader - block read in memory in 0 ms. row count = 1
01:04:53.649 [main] INFO  org.apache.parquet.hadoop.InternalParquetRecordReader - RecordReader initialized will read a total of 3 records.
01:04:53.649 [main] INFO  org.apache.parquet.hadoop.InternalParquetRecordReader - at row 0. reading next block
01:04:53.649 [main] INFO  org.apache.parquet.hadoop.InternalParquetRecordReader - block read in memory in 0 ms. row count = 3
01:04:53.651 [main] INFO  org.apache.parquet.hadoop.InternalParquetRecordReader - RecordReader initialized will read a total of 3 records.
01:04:53.651 [main] INFO  org.apache.parquet.hadoop.InternalParquetRecordReader - at row 0. reading next block
01:04:53.651 [main] INFO  org.apache.parquet.hadoop.InternalParquetRecordReader - block read in memory in 0 ms. row count = 3
]]></system-out>
  </testcase>
  <testcase name="purgeRemovesThePartitionWhenEveryMetricIsDeleted" classname="org.opennms.timeseries.impl.parquet.CompactorTest" time="0.011">
    <system-out><![CDATA[01:04:53.660 [main] INFO  org.apache.parquet.hadoop.InternalParquetRecordReader - RecordReader initialized will read a total of 1 records.
01:04:53.660 [main] INFO  org.apache.parquet.hadoop.InternalParquetRecordReader - at row 0. reading next block
01:04:53.661 [main] INFO  org.apache.parquet.hadoop.InternalParquetRecordReader - block read in memory in 1 ms. row count = 1
01:04:53.662 [main] INFO  org.apache.parquet.hadoop.InternalParquetRecordReader - RecordReader initialized will read a total of 1 records.
01:04:53.662 [main] INFO  org.apache.parquet.hadoop.InternalParquetRecordReader - at row 0. reading next block
01:04:53.662 [main] INFO  org.apache.parquet.hadoop.InternalParquetRecordReader - block read in memory in 0 ms. row count = 1
]]></system-out>
  </testcase>
  <testcase name="leavesASingleFilePartitionUntouchedWhenNotPurging" classname="org.opennms.timeseries.impl.parquet.CompactorTest" time="0.003"/>
  <testcase name="mergesManySmallFilesIntoOneWithoutLosingRows" classname="org.opennms.timeseries.impl.parquet.CompactorTest" time="0.024">
    <system-out><![CDATA[01:04:53.679 [main] INFO  org.apache.parquet.hadoop.InternalParquetRecordReader - RecordReader initialized will read a total of 1 records.
01:04:53.679 [main] INFO  org.apache.parquet.hadoop.InternalParquetRecordReader - at row 0. reading next block
01:04:53.679 [main] INFO  org.apache.parquet.hadoop.InternalParquetRecordReader - block read in memory in 0 ms. row count = 1
01:04:53.681 [main] INFO  org.apache.parquet.hadoop.InternalParquetRecordReader - RecordReader initialized will read a total of 1 records.
01:04:53.681 [main] INFO  org.apache.parquet.hadoop.InternalParquetRecordReader - at row 0. reading next block
01:04:53.681 [main] INFO  org.apache.parquet.hadoop.InternalParquetRecordReader - block read in memory in 0 ms. row count = 1
01:04:53.682 [main] INFO  org.apache.parquet.hadoop.InternalParquetRecordReader - RecordReader initialized will read a total of 1 records.
01:04:53.682 [main] INFO  org.apache.parquet.hadoop.InternalParquetRecordReader - at row 0. reading next block
01:04:53.683 [main] INFO  org.apache.parquet.hadoop.InternalParquetRecordReader - block read in memory in 1 ms. row count = 1
01:04:53.684 [main] INFO  org.apache.parquet.hadoop.InternalParquetRecordReader - RecordReader initialized will read a total of 1 records.
01:04:53.684 [main] INFO  org.apache.parquet.hadoop.InternalParquetRecordReader - at row 0. reading next block
01:04:53.684 [main] INFO  org.apache.parquet.hadoop.InternalParquetRecordReader - block read in memory in 0 ms. row count = 1
01:04:53.685 [main] INFO  org.apache.parquet.hadoop.InternalParquetRecordReader - RecordReader initialized will read a total of 1 records.
01:04:53.685 [main] INFO  org.apache.parquet.hadoop.InternalParquetRecordReader - at row 0. reading next block
01:04:53.686 [main] INFO  org.apache.parquet.hadoop.InternalParquetRecordReader - block read in memory in 1 ms. row count = 1
01:04:53.689 [main] INFO  org.apache.parquet.hadoop.InternalParquetRecordReader - RecordReader initialized will read a total of 5 records.
01:04:53.689 [main] INFO  org.apache.parquet.hadoop.InternalParquetRecordReader - at row 0. reading next block
01:04:53.689 [main] INFO  org.apache.parquet.hadoop.InternalParquetRecordReader - block read in memory in 0 ms. row count = 5
]]></system-out>
  </testcase>
</testsuite>