<?xml version="1.0" encoding="UTF-8"?>
<testsuite xmlns:xsi="http://www.w3.org/2001/XMLSchema-instance" xsi:noNamespaceSchemaLocation="https://maven.apache.org/surefire/maven-surefire-plugin/xsd/surefire-test-report-3.0.xsd" version="3.0" name="org.opennms.timeseries.impl.parquet.ParquetStorageConfigTest" time="0.01" tests="3" errors="0" skipped="0" failures="0">
  <properties>
[...]
</properties>
  <testcase name="initFailsFastWithoutBaseDirOrSystemProperty" classname="org.opennms.timeseries.impl.parquet.ParquetStorageConfigTest" time="0.0"/>
  <testcase name="setCompressionRejectsUnknownCodec" classname="org.opennms.timeseries.impl.parquet.ParquetStorageConfigTest" time="0.0"/>
  <testcase name="appliesStringConfigurationAndRoundTripsASample" classname="org.opennms.timeseries.impl.parquet.ParquetStorageConfigTest" time="0.01">
    <system-out><![CDATA[01:04:53.992 [main] INFO  org.opennms.timeseries.impl.parquet.ParquetStorage - ParquetStorage initialized: data root /tmp/junit13383496053816713184/data, partition PT1H, retention PT720H/sweep PT6H, compression UNCOMPRESSED, pruneCatalogOnExpiry true, flush 8192 rows/PT1M, compaction on every PT1H, 0 metric(s) loaded.
01:04:53.998 [main] INFO  org.apache.parquet.hadoop.InternalParquetRecordReader - RecordReader initialized will read a total of 1 records.
01:04:53.998 [main] INFO  org.apache.parquet.hadoop.InternalParquetRecordReader - at row 0. reading next block
01:04:53.999 [main] INFO  org.apache.parquet.hadoop.InternalParquetRecordReader - block read in memory in 0 ms. row count = 1
]]></system-out>
  </testcase>
</testsuite>